<soap:Envelope xmlns:soap="http://schemas.xmlsoap.org/soap/envelope/">
   <soap:Header/>
  <soap:Body>
      <request>
         <!--Optional:-->
         <billNumber>1200447</billNumber>
         <!--Optional:-->
         <billAmount>1</billAmount>
         <!--Optional:-->
         <customerRefNumber>1200447</customerRefNumber>
         <!--Optional:-->
         <bankreference>20170821101114847816</bankreference>
         <!--Optional:-->
         <paymentMode>cash</paymentMode>
         <!--Optional:-->
         <transactionDate>2017-08-21 00:00:00</transactionDate>
         <!--Optional:-->
         <phonenumber>254763499817</phonenumber>
         <!--Optional:-->
         <debitaccount>0170161208668</debitaccount>
         <!--Optional:-->
         <debitcustname>JULIUS KIPKIRUI BETT</debitcustname>
         <!--Optional:-->
         <username>Equity</username>
         <!--Optional:-->
         <password>3pn!Ty@zoi9</password>
      </request>
   </soap:Body>
</soap:Envelope>