<soap:Envelope xmlns:soap="http://schemas.xmlsoap.org/soap/envelope/">
   <soap:Header/>
  <soap:Body>
      <request>
         <!--Optional:-->
         <billNumber>1642425</billNumber>
         <!--Optional:-->
         <billAmount>700</billAmount>
         <!--Optional:-->
         <customerRefNumber>1642425</customerRefNumber>
         <!--Optional:-->
         <bankreference>20171102101307644484</bankreference>
         <!--Optional:-->
         <paymentMode>cash</paymentMode>
         <!--Optional:-->
         <transactionDate>2017-11-02 00:00:00</transactionDate>
         <!--Optional:-->
         <phonenumber>254765917425</phonenumber>
         <!--Optional:-->
         <debitaccount>1090173533931</debitaccount>
         <!--Optional:-->
         <debitcustname>DAVID WAFULA NYONGESA</debitcustname>
         <!--Optional:-->
         <username>Equity</username>
         <!--Optional:-->
         <password>3pn!Ty@zoi9</password>
      </request>
   </soap:Body>
</soap:Envelope>