<soap:Envelope xmlns:soap="http://schemas.xmlsoap.org/soap/envelope/">
   <soap:Header/>
  <soap:Body>
      <request>
         <!--Optional:-->
         <billNumber>1642759</billNumber>
         <!--Optional:-->
         <billAmount>10</billAmount>
         <!--Optional:-->
         <customerRefNumber>1642759</customerRefNumber>
         <!--Optional:-->
         <bankreference>20171102101308633135</bankreference>
         <!--Optional:-->
         <paymentMode>cash</paymentMode>
         <!--Optional:-->
         <transactionDate>2017-11-02 00:00:00</transactionDate>
         <!--Optional:-->
         <phonenumber>254763630432</phonenumber>
         <!--Optional:-->
         <debitaccount>0020196571696</debitaccount>
         <!--Optional:-->
         <debitcustname>BOWEN KIPKOSGEI ISMAEL</debitcustname>
         <!--Optional:-->
         <username>Equity</username>
         <!--Optional:-->
         <password>3pn!Ty@zoi9</password>
      </request>
   </soap:Body>
</soap:Envelope>