<soap:Envelope xmlns:soap="http://schemas.xmlsoap.org/soap/envelope/">
   <soap:Header/>
  <soap:Body>
      <request>
         <!--Optional:-->
         <billNumber>1638340</billNumber>
         <!--Optional:-->
         <billAmount>5416</billAmount>
         <!--Optional:-->
         <customerRefNumber>1638340</customerRefNumber>
         <!--Optional:-->
         <bankreference>201710315452270</bankreference>
         <!--Optional:-->
         <paymentMode>cash</paymentMode>
         <!--Optional:-->
         <transactionDate>2017-10-31 00:00:00</transactionDate>
         <!--Optional:-->
         <phonenumber>null</phonenumber>
         <!--Optional:-->
         <debitaccount>null</debitaccount>
         <!--Optional:-->
         <debitcustname>1638340</debitcustname>
         <!--Optional:-->
         <username>Equity</username>
         <!--Optional:-->
         <password>3pn!Ty@zoi9</password>
      </request>
   </soap:Body>
</soap:Envelope>